ENTER ratatui_init_terminal
EXIT  ratatui_init_terminal -> 0x5e2cc4cea690
ENTER ratatui_terminal_draw_frame
EXIT  ratatui_terminal_draw_frame -> true
ENTER ratatui_terminal_draw_frame
EXIT  ratatui_terminal_draw_frame -> true
ENTER ratatui_terminal_draw_frame
EXIT  ratatui_terminal_draw_frame -> true
ENTER ratatui_terminal_draw_frame
EXIT  ratatui_terminal_draw_frame -> true
ENTER ratatui_terminal_draw_frame
EXIT  ratatui_terminal_draw_frame -> true
ENTER ratatui_terminal_draw_frame
EXIT  ratatui_terminal_draw_frame -> true
ENTER ratatui_terminal_draw_frame
EXIT  ratatui_terminal_draw_frame -> true
ENTER ratatui_terminal_draw_frame
EXIT  ratatui_terminal_draw_frame -> true
ENTER ratatui_terminal_draw_frame
EXIT  ratatui_terminal_draw_frame -> true
ENTER ratatui_terminal_draw_frame
EXIT  ratatui_terminal_draw_frame -> true
ENTER ratatui_terminal_draw_frame
EXIT  ratatui_terminal_draw_frame -> true
ENTER ratatui_terminal_draw_frame
EXIT  ratatui_terminal_draw_frame -> true
ENTER ratatui_terminal_draw_frame
EXIT  ratatui_terminal_draw_frame -> true
ENTER ratatui_terminal_free
EXIT  ratatui_terminal_free
